TN:
SF:src/App.tsx
FN:18,AppInit
FN:19,(anonymous_1)
FN:22,(anonymous_2)
FN:37,App
FNF:4
FNH:3
FNDA:12,AppInit
FNDA:0,(anonymous_1)
FNDA:8,(anonymous_2)
FNDA:4,App
DA:8,1
DA:19,12
DA:20,12
DA:22,12
DA:23,8
DA:25,8
DA:26,8
DA:27,0
DA:29,8
DA:32,12
DA:34,8
DA:38,4
LF:12
LH:11
BRDA:26,0,0,0
BRDA:26,0,1,8
BRDA:32,1,0,4
BRDA:32,1,1,8
BRF:4
BRH:3
end_of_record
TN:
SF:src/api/activities.ts
FN:5,useActivities
FN:8,(anonymous_1)
FN:9,(anonymous_2)
FN:13,useCreateActivity
FN:16,(anonymous_4)
FN:17,(anonymous_5)
FNF:6
FNH:0
FNDA:0,useActivities
FNDA:0,(anonymous_1)
FNDA:0,(anonymous_2)
FNDA:0,useCreateActivity
FNDA:0,(anonymous_4)
FNDA:0,(anonymous_5)
DA:6,0
DA:9,0
DA:14,0
DA:15,0
DA:16,0
DA:17,0
LF:6
LH:0
BRF:0
BRH:0
end_of_record
TN:
SF:src/api/client.ts
FN:8,(anonymous_0)
FN:16,(anonymous_1)
FN:18,(anonymous_2)
FNF:3
FNH:0
FNDA:0,(anonymous_0)
FNDA:0,(anonymous_1)
FNDA:0,(anonymous_2)
DA:3,0
DA:8,0
DA:9,0
DA:10,0
DA:11,0
DA:13,0
DA:16,0
DA:17,0
DA:19,0
DA:20,0
DA:21,0
DA:22,0
DA:23,0
DA:24,0
DA:25,0
DA:26,0
DA:27,0
DA:28,0
DA:31,0
DA:32,0
DA:33,0
DA:36,0
LF:22
LH:0
BRDA:10,0,0,0
BRDA:10,0,1,0
BRDA:20,1,0,0
BRDA:20,1,1,0
BRDA:20,2,0,0
BRDA:20,2,1,0
BRDA:24,3,0,0
BRDA:24,3,1,0
BRF:8
BRH:0
end_of_record
TN:
SF:src/api/contacts.ts
FN:7,useContacts
FN:10,(anonymous_1)
FN:11,(anonymous_2)
FN:15,useContact
FN:18,(anonymous_4)
FN:18,(anonymous_5)
FN:23,useCreateContact
FN:26,(anonymous_7)
FN:27,(anonymous_8)
FN:31,useUpdateContact
FN:34,(anonymous_10)
FN:36,(anonymous_11)
FN:40,useDeleteContact
FN:43,(anonymous_13)
FN:44,(anonymous_14)
FN:50,useAccounts
FN:53,(anonymous_16)
FN:54,(anonymous_17)
FN:58,useAccount
FN:61,(anonymous_19)
FN:61,(anonymous_20)
FN:66,useCreateAccount
FN:69,(anonymous_22)
FN:70,(anonymous_23)
FN:74,useUpdateAccount
FN:77,(anonymous_25)
FN:79,(anonymous_26)
FN:83,useDeleteAccount
FN:86,(anonymous_28)
FN:87,(anonymous_29)
FNF:30
FNH:0
FNDA:0,useContacts
FNDA:0,(anonymous_1)
FNDA:0,(anonymous_2)
FNDA:0,useContact
FNDA:0,(anonymous_4)
FNDA:0,(anonymous_5)
FNDA:0,useCreateContact
FNDA:0,(anonymous_7)
FNDA:0,(anonymous_8)
FNDA:0,useUpdateContact
FNDA:0,(anonymous_10)
FNDA:0,(anonymous_11)
FNDA:0,useDeleteContact
FNDA:0,(anonymous_13)
FNDA:0,(anonymous_14)
FNDA:0,useAccounts
FNDA:0,(anonymous_16)
FNDA:0,(anonymous_17)
FNDA:0,useAccount
FNDA:0,(anonymous_19)
FNDA:0,(anonymous_20)
FNDA:0,useCreateAccount
FNDA:0,(anonymous_22)
FNDA:0,(anonymous_23)
FNDA:0,useUpdateAccount
FNDA:0,(anonymous_25)
FNDA:0,(anonymous_26)
FNDA:0,useDeleteAccount
FNDA:0,(anonymous_28)
FNDA:0,(anonymous_29)
DA:8,0
DA:11,0
DA:16,0
DA:18,0
DA:24,0
DA:25,0
DA:26,0
DA:27,0
DA:32,0
DA:33,0
DA:35,0
DA:36,0
DA:41,0
DA:42,0
DA:43,0
DA:44,0
DA:51,0
DA:54,0
DA:59,0
DA:61,0
DA:67,0
DA:68,0
DA:69,0
DA:70,0
DA:75,0
DA:76,0
DA:78,0
DA:79,0
DA:84,0
DA:85,0
DA:86,0
DA:87,0
LF:32
LH:0
BRF:0
BRH:0
end_of_record
TN:
SF:src/api/deals.ts
FN:5,usePipelines
FN:8,(anonymous_1)
FN:8,(anonymous_2)
FN:12,usePipeline
FN:15,(anonymous_4)
FN:15,(anonymous_5)
FN:20,useDeals
FN:23,(anonymous_7)
FN:24,(anonymous_8)
FN:28,useDeal
FN:31,(anonymous_10)
FN:31,(anonymous_11)
FN:36,useCreateDeal
FN:39,(anonymous_13)
FN:40,(anonymous_14)
FN:44,useUpdateDeal
FN:47,(anonymous_16)
FN:49,(anonymous_17)
FN:53,useMoveDealStage
FN:56,(anonymous_19)
FN:58,(anonymous_20)
FN:62,useChangeDealStatus
FN:65,(anonymous_22)
FN:67,(anonymous_23)
FNF:24
FNH:0
FNDA:0,usePipelines
FNDA:0,(anonymous_1)
FNDA:0,(anonymous_2)
FNDA:0,usePipeline
FNDA:0,(anonymous_4)
FNDA:0,(anonymous_5)
FNDA:0,useDeals
FNDA:0,(anonymous_7)
FNDA:0,(anonymous_8)
FNDA:0,useDeal
FNDA:0,(anonymous_10)
FNDA:0,(anonymous_11)
FNDA:0,useCreateDeal
FNDA:0,(anonymous_13)
FNDA:0,(anonymous_14)
FNDA:0,useUpdateDeal
FNDA:0,(anonymous_16)
FNDA:0,(anonymous_17)
FNDA:0,useMoveDealStage
FNDA:0,(anonymous_19)
FNDA:0,(anonymous_20)
FNDA:0,useChangeDealStatus
FNDA:0,(anonymous_22)
FNDA:0,(anonymous_23)
DA:6,0
DA:8,0
DA:13,0
DA:15,0
DA:21,0
DA:24,0
DA:29,0
DA:31,0
DA:37,0
DA:38,0
DA:39,0
DA:40,0
DA:45,0
DA:46,0
DA:48,0
DA:49,0
DA:54,0
DA:55,0
DA:57,0
DA:58,0
DA:63,0
DA:64,0
DA:66,0
DA:67,0
LF:24
LH:0
BRF:0
BRH:0
end_of_record
TN:
SF:src/api/email.ts
FN:5,useEmails
FN:8,(anonymous_1)
FN:9,(anonymous_2)
FN:13,useEmail
FN:16,(anonymous_4)
FN:16,(anonymous_5)
FN:21,useToggleStar
FN:24,(anonymous_7)
FN:25,(anonymous_8)
FN:29,useMarkRead
FN:32,(anonymous_10)
FN:33,(anonymous_11)
FN:37,useSendEmail
FN:40,(anonymous_13)
FN:41,(anonymous_14)
FNF:15
FNH:0
FNDA:0,useEmails
FNDA:0,(anonymous_1)
FNDA:0,(anonymous_2)
FNDA:0,useEmail
FNDA:0,(anonymous_4)
FNDA:0,(anonymous_5)
FNDA:0,useToggleStar
FNDA:0,(anonymous_7)
FNDA:0,(anonymous_8)
FNDA:0,useMarkRead
FNDA:0,(anonymous_10)
FNDA:0,(anonymous_11)
FNDA:0,useSendEmail
FNDA:0,(anonymous_13)
FNDA:0,(anonymous_14)
DA:6,0
DA:9,0
DA:14,0
DA:16,0
DA:22,0
DA:23,0
DA:24,0
DA:25,0
DA:30,0
DA:31,0
DA:32,0
DA:33,0
DA:38,0
DA:39,0
DA:40,0
DA:41,0
LF:16
LH:0
BRF:0
BRH:0
end_of_record
TN:
SF:src/api/tasks.ts
FN:5,useTasks
FN:8,(anonymous_1)
FN:9,(anonymous_2)
FN:13,useCreateTask
FN:16,(anonymous_4)
FN:17,(anonymous_5)
FN:21,useUpdateTask
FN:24,(anonymous_7)
FN:26,(anonymous_8)
FN:30,useCompleteTask
FN:33,(anonymous_10)
FN:34,(anonymous_11)
FNF:12
FNH:0
FNDA:0,useTasks
FNDA:0,(anonymous_1)
FNDA:0,(anonymous_2)
FNDA:0,useCreateTask
FNDA:0,(anonymous_4)
FNDA:0,(anonymous_5)
FNDA:0,useUpdateTask
FNDA:0,(anonymous_7)
FNDA:0,(anonymous_8)
FNDA:0,useCompleteTask
FNDA:0,(anonymous_10)
FNDA:0,(anonymous_11)
DA:6,0
DA:9,0
DA:14,0
DA:15,0
DA:16,0
DA:17,0
DA:22,0
DA:23,0
DA:25,0
DA:26,0
DA:31,0
DA:32,0
DA:33,0
DA:34,0
LF:14
LH:0
BRF:0
BRH:0
end_of_record
TN:
SF:src/api/teams.ts
FN:5,useTeams
FN:8,(anonymous_1)
FN:8,(anonymous_2)
FN:12,useRoles
FN:15,(anonymous_4)
FN:15,(anonymous_5)
FN:19,useMemberships
FN:22,(anonymous_7)
FN:22,(anonymous_8)
FN:26,useInviteMember
FN:29,(anonymous_10)
FN:31,(anonymous_11)
FNF:12
FNH:0
FNDA:0,useTeams
FNDA:0,(anonymous_1)
FNDA:0,(anonymous_2)
FNDA:0,useRoles
FNDA:0,(anonymous_4)
FNDA:0,(anonymous_5)
FNDA:0,useMemberships
FNDA:0,(anonymous_7)
FNDA:0,(anonymous_8)
FNDA:0,useInviteMember
FNDA:0,(anonymous_10)
FNDA:0,(anonymous_11)
DA:6,0
DA:8,0
DA:13,0
DA:15,0
DA:20,0
DA:22,0
DA:27,0
DA:28,0
DA:30,0
DA:31,0
LF:10
LH:0
BRF:0
BRH:0
end_of_record
TN:
SF:src/components/layout/app-layout.tsx
FN:8,AppLayout
FN:14,(anonymous_1)
FN:30,(anonymous_2)
FN:32,(anonymous_3)
FN:35,(anonymous_4)
FN:44,AuthLayout
FNF:6
FNH:0
FNDA:0,AppLayout
FNDA:0,(anonymous_1)
FNDA:0,(anonymous_2)
FNDA:0,(anonymous_3)
FNDA:0,(anonymous_4)
FNDA:0,AuthLayout
DA:9,0
DA:10,0
DA:11,0
DA:14,0
DA:15,0
DA:18,0
DA:19,0
DA:22,0
DA:23,0
DA:26,0
DA:30,0
DA:32,0
DA:35,0
DA:45,0
DA:47,0
DA:48,0
DA:51,0
DA:52,0
DA:55,0
LF:19
LH:0
BRDA:18,0,0,0
BRDA:18,0,1,0
BRDA:22,1,0,0
BRDA:22,1,1,0
BRDA:47,2,0,0
BRDA:47,2,1,0
BRDA:51,3,0,0
BRDA:51,3,1,0
BRF:8
BRH:0
end_of_record
TN:
SF:src/components/layout/sidebar.tsx
FN:35,Sidebar
FN:63,(anonymous_1)
FN:136,MobileMenuButton
FNF:3
FNH:0
FNDA:0,Sidebar
FNDA:0,(anonymous_1)
FNDA:0,MobileMenuButton
DA:19,0
DA:36,0
DA:37,0
DA:40,0
DA:64,0
DA:65,0
DA:103,0
DA:137,0
LF:8
LH:0
BRDA:47,0,0,0
BRDA:47,0,1,0
BRDA:57,1,0,0
BRDA:57,1,1,0
BRDA:72,2,0,0
BRDA:72,2,1,0
BRDA:77,3,0,0
BRDA:77,3,1,0
BRDA:78,4,0,0
BRDA:78,4,1,0
BRDA:85,5,0,0
BRDA:85,5,1,0
BRDA:85,5,2,0
BRDA:109,6,0,0
BRDA:109,6,1,0
BRDA:116,7,0,0
BRDA:116,7,1,0
BRF:17
BRH:0
end_of_record
TN:
SF:src/components/layout/topbar.tsx
FN:12,TopBar
FN:30,(anonymous_1)
FN:54,(anonymous_2)
FN:67,(anonymous_3)
FN:70,(anonymous_4)
FN:76,(anonymous_5)
FNF:6
FNH:0
FNDA:0,TopBar
FNDA:0,(anonymous_1)
FNDA:0,(anonymous_2)
FNDA:0,(anonymous_3)
FNDA:0,(anonymous_4)
FNDA:0,(anonymous_5)
DA:13,0
DA:14,0
DA:15,0
DA:16,0
DA:17,0
DA:19,0
DA:30,0
DA:54,0
DA:67,0
DA:70,0
DA:76,0
LF:11
LH:0
BRDA:42,0,0,0
BRDA:42,0,1,0
BRDA:65,1,0,0
BRDA:65,1,1,0
BRF:4
BRH:0
end_of_record
TN:
SF:src/components/ui/avatar.tsx
FN:35,getInitials
FN:40,(anonymous_1)
FN:45,Avatar
FN:64,(anonymous_3)
FNF:4
FNH:3
FNDA:16,getInitials
FNDA:19,(anonymous_1)
FNDA:19,Avatar
FNDA:0,(anonymous_3)
DA:4,1
DA:12,1
DA:36,16
DA:40,19
DA:55,19
DA:57,19
DA:66,0
LF:7
LH:6
BRDA:48,0,0,19
BRDA:49,1,0,19
BRDA:51,2,0,19
BRDA:52,3,0,19
BRDA:55,4,0,18
BRDA:55,4,1,1
BRDA:59,5,0,4
BRDA:59,5,1,15
BRDA:72,6,0,19
BRDA:72,6,1,4
BRDA:72,6,2,17
BRDA:80,7,0,15
BRDA:80,7,1,2
BRDA:81,8,0,15
BRDA:81,8,1,2
BRDA:83,9,0,17
BRDA:83,9,1,16
BRDA:87,10,0,19
BRDA:87,10,1,1
BRF:19
BRH:19
end_of_record
TN:
SF:src/components/ui/badge.tsx
FN:56,Badge
FN:95,(anonymous_1)
FNF:2
FNH:2
FNDA:18,Badge
FNDA:2,(anonymous_1)
DA:5,1
DA:18,1
DA:27,1
DA:36,1
DA:66,18
DA:67,2
DA:78,16
DA:96,2
DA:97,2
LF:9
LH:9
BRDA:58,0,0,18
BRDA:59,1,0,18
BRDA:60,2,0,18
BRDA:61,3,0,18
BRDA:66,4,0,2
BRDA:66,4,1,16
BRDA:72,5,0,0
BRDA:72,5,1,2
BRDA:72,6,0,0
BRDA:72,6,1,2
BRDA:82,7,0,1
BRDA:82,7,1,15
BRDA:85,8,0,18
BRDA:85,8,1,1
BRDA:92,9,0,18
BRDA:92,9,1,3
BRDA:102,10,0,0
BRDA:102,10,1,3
BRF:18
BRH:15
end_of_record
TN:
SF:src/components/ui/breadcrumb.tsx
FN:23,Breadcrumb
FN:50,(anonymous_1)
FNF:2
FNH:0
FNDA:0,Breadcrumb
FNDA:0,(anonymous_1)
DA:29,0
DA:32,0
DA:34,0
DA:35,0
DA:36,0
DA:37,0
DA:38,0
DA:40,0
DA:43,0
DA:47,0
DA:51,0
DA:53,0
LF:12
LH:0
BRDA:26,0,0,0
BRDA:29,1,0,0
BRDA:29,1,1,0
BRDA:34,2,0,0
BRDA:34,2,1,0
BRDA:43,3,0,0
BRDA:43,3,1,0
BRDA:56,4,0,0
BRDA:56,4,1,0
BRDA:56,4,2,0
BRDA:70,5,0,0
BRDA:70,5,1,0
BRDA:72,6,0,0
BRDA:72,6,1,0
BRF:14
BRH:0
end_of_record
TN:
SF:src/components/ui/button.tsx
FN:43,(anonymous_0)
FNF:1
FNH:1
FNDA:20,(anonymous_0)
DA:5,1
DA:18,1
DA:24,1
DA:43,1
DA:59,20
DA:61,20
DA:94,1
LF:7
LH:7
BRDA:47,0,0,20
BRDA:48,1,0,20
BRDA:49,2,0,20
BRDA:50,3,0,20
BRDA:54,4,0,20
BRDA:59,5,0,20
BRDA:59,5,1,18
BRDA:72,6,0,20
BRDA:72,6,1,1
BRDA:75,7,0,20
BRDA:75,7,1,19
BRDA:78,8,0,1
BRDA:78,8,1,19
BRDA:83,9,0,1
BRDA:83,9,1,18
BRDA:88,10,0,20
BRDA:88,10,1,20
BRF:17
BRH:17
end_of_record
TN:
SF:src/components/ui/card.tsx
FN:35,Card
FNF:1
FNH:1
FNDA:17,Card
DA:4,1
DA:13,1
DA:46,17
DA:48,17
LF:4
LH:4
BRDA:37,0,0,17
BRDA:38,1,0,17
BRDA:46,2,0,17
BRDA:46,2,1,16
BRDA:53,3,0,17
BRDA:53,3,1,3
BRDA:62,4,0,3
BRDA:62,4,1,2
BRDA:64,5,0,2
BRDA:64,5,1,2
BRDA:69,6,0,2
BRDA:69,6,1,1
BRDA:82,7,0,17
BRDA:82,7,1,1
BRF:14
BRH:14
end_of_record
TN:
SF:src/components/ui/dropdown.tsx
FN:47,Dropdown
FN:64,(anonymous_1)
FN:73,(anonymous_2)
FN:75,(anonymous_3)
FN:86,(anonymous_4)
FN:90,(anonymous_5)
FN:92,(anonymous_6)
FN:99,(anonymous_7)
FN:102,(anonymous_8)
FN:104,(anonymous_9)
FN:147,(anonymous_10)
FN:168,(anonymous_11)
FN:198,(anonymous_12)
FN:206,(anonymous_13)
FN:209,(anonymous_14)
FN:232,(anonymous_15)
FN:247,(anonymous_16)
FNF:17
FNH:12
FNDA:30,Dropdown
FNDA:14,(anonymous_1)
FNDA:30,(anonymous_2)
FNDA:2,(anonymous_3)
FNDA:13,(anonymous_4)
FNDA:30,(anonymous_5)
FNDA:0,(anonymous_6)
FNDA:13,(anonymous_7)
FNDA:34,(anonymous_8)
FNDA:0,(anonymous_9)
FNDA:12,(anonymous_10)
FNDA:15,(anonymous_11)
FNDA:2,(anonymous_12)
FNDA:2,(anonymous_13)
FNDA:0,(anonymous_14)
FNDA:0,(anonymous_15)
FNDA:0,(anonymous_16)
DA:56,30
DA:57,30
DA:58,30
DA:60,30
DA:61,30
DA:62,30
DA:64,30
DA:66,14
DA:67,14
DA:73,30
DA:74,30
DA:75,13
DA:76,2
DA:82,0
DA:85,13
DA:86,13
DA:90,30
DA:91,30
DA:92,13
DA:93,0
DA:94,0
DA:95,0
DA:96,0
DA:99,13
DA:102,34
DA:104,30
DA:105,0
DA:108,0
DA:110,0
DA:112,0
DA:114,0
DA:115,0
DA:116,0
DA:118,0
DA:119,0
DA:120,0
DA:123,0
DA:124,0
DA:125,0
DA:127,0
DA:128,0
DA:129,0
DA:130,0
DA:132,0
DA:135,0
DA:136,0
DA:140,30
DA:142,30
DA:148,12
DA:149,12
DA:150,12
DA:169,15
DA:170,1
DA:179,14
DA:180,15
DA:182,15
DA:199,2
DA:200,0
DA:202,2
DA:203,2
DA:207,2
DA:210,0
DA:233,0
DA:248,0
DA:249,0
LF:65
LH:35
BRDA:50,0,0,30
BRDA:58,1,0,2
BRDA:58,1,1,28
BRDA:66,2,0,14
BRDA:66,2,1,0
BRDA:74,3,0,17
BRDA:74,3,1,13
BRDA:76,4,0,0
BRDA:76,4,1,2
BRDA:77,5,0,2
BRDA:77,5,1,2
BRDA:77,5,2,0
BRDA:77,5,3,0
BRDA:91,6,0,17
BRDA:91,6,1,13
BRDA:94,7,0,0
BRDA:94,7,1,0
BRDA:94,8,0,0
BRDA:94,8,1,0
BRDA:108,9,0,0
BRDA:108,9,1,0
BRDA:108,10,0,0
BRDA:108,10,1,0
BRDA:112,11,0,0
BRDA:112,11,1,0
BRDA:112,11,2,0
BRDA:112,11,3,0
BRDA:112,11,4,0
BRDA:112,11,5,0
BRDA:157,12,0,30
BRDA:157,12,1,13
BRDA:165,13,0,1
BRDA:165,13,1,12
BRDA:169,14,0,1
BRDA:169,14,1,14
BRDA:179,15,0,14
BRDA:179,15,1,2
BRDA:188,16,0,2
BRDA:188,16,1,12
BRDA:193,17,0,1
BRDA:193,17,1,13
BRDA:199,18,0,0
BRDA:199,18,1,2
BRDA:200,19,0,0
BRDA:200,19,1,0
BRDA:207,20,0,0
BRDA:207,20,1,2
BRDA:210,21,0,0
BRDA:210,21,1,0
BRDA:213,22,0,15
BRDA:213,22,1,1
BRDA:219,23,0,15
BRDA:219,23,1,2
BRDA:225,24,0,15
BRDA:225,24,1,2
BRDA:225,24,2,0
BRDA:242,25,0,0
BRDA:242,25,1,0
BRDA:252,26,0,0
BRDA:252,26,1,0
BRF:60
BRH:31
end_of_record
TN:
SF:src/components/ui/empty-state.tsx
FN:24,EmptyState
FNF:1
FNH:0
FNDA:0,EmptyState
DA:32,0
LF:1
LH:0
BRDA:39,0,0,0
BRDA:39,0,1,0
BRDA:44,1,0,0
BRDA:44,1,1,0
BRDA:53,2,0,0
BRDA:53,2,1,0
BRDA:59,3,0,0
BRDA:59,3,1,0
BRF:8
BRH:0
end_of_record
TN:
SF:src/components/ui/error-state.tsx
FN:21,ErrorState
FNF:1
FNH:0
FNDA:0,ErrorState
DA:29,0
LF:1
LH:0
BRDA:22,0,0,0
BRDA:23,1,0,0
BRDA:39,2,0,0
BRDA:39,2,1,0
BRDA:51,3,0,0
BRDA:51,3,1,0
BRDA:57,4,0,0
BRDA:57,4,1,0
BRF:8
BRH:0
end_of_record
TN:
SF:src/components/ui/input.tsx
FN:37,(anonymous_0)
FNF:1
FNH:1
FNDA:19,(anonymous_0)
DA:4,1
DA:9,1
DA:17,1
DA:37,1
DA:55,19
DA:57,19
DA:134,1
LF:7
LH:7
BRDA:44,0,0,19
BRDA:45,1,0,19
BRDA:55,2,0,19
BRDA:55,2,1,18
BRDA:55,3,0,17
BRDA:55,3,1,1
BRDA:59,4,0,19
BRDA:59,4,1,18
BRDA:69,5,0,19
BRDA:69,5,1,1
BRDA:80,6,0,19
BRDA:80,6,1,16
BRDA:82,7,0,3
BRDA:82,7,1,16
BRDA:84,8,0,2
BRDA:84,8,1,14
BRDA:96,9,0,19
BRDA:96,9,1,3
BRDA:97,10,0,19
BRDA:97,10,1,1
BRDA:98,11,0,19
BRDA:98,11,1,1
BRDA:104,12,0,19
BRDA:104,12,1,1
BRDA:111,13,0,19
BRDA:111,13,1,3
BRDA:121,14,0,19
BRDA:121,14,1,16
BRDA:121,14,2,2
BRF:29
BRH:29
end_of_record
TN:
SF:src/components/ui/modal.tsx
FN:42,Modal
FN:58,(anonymous_1)
FN:65,(anonymous_2)
FN:69,(anonymous_3)
FN:77,(anonymous_4)
FN:104,(anonymous_5)
FN:106,(anonymous_6)
FN:109,(anonymous_7)
FNF:8
FNH:6
FNDA:20,Modal
FNDA:20,(anonymous_1)
FNDA:0,(anonymous_2)
FNDA:18,(anonymous_3)
FNDA:0,(anonymous_4)
FNDA:20,(anonymous_5)
FNDA:20,(anonymous_6)
FNDA:2,(anonymous_7)
DA:11,1
DA:54,20
DA:55,20
DA:58,20
DA:59,20
DA:61,18
DA:62,18
DA:65,18
DA:66,0
DA:69,18
DA:70,18
DA:71,18
DA:72,18
DA:77,20
DA:79,0
DA:80,0
DA:81,0
DA:84,0
DA:85,0
DA:88,0
DA:89,0
DA:90,0
DA:92,0
DA:93,0
DA:94,0
DA:95,0
DA:96,0
DA:97,0
DA:104,20
DA:105,20
DA:106,20
DA:109,20
DA:111,2
DA:112,1
DA:118,20
DA:120,18
LF:36
LH:21
BRDA:45,0,0,20
BRDA:51,1,0,20
BRDA:52,2,0,20
BRDA:59,3,0,2
BRDA:59,3,1,18
BRDA:79,4,0,0
BRDA:79,4,1,0
BRDA:79,5,0,0
BRDA:79,5,1,0
BRDA:80,6,0,0
BRDA:80,6,1,0
BRDA:84,7,0,0
BRDA:84,7,1,0
BRDA:84,8,0,0
BRDA:84,8,1,0
BRDA:88,9,0,0
BRDA:88,9,1,0
BRDA:92,10,0,0
BRDA:92,10,1,0
BRDA:92,11,0,0
BRDA:92,11,1,0
BRDA:95,12,0,0
BRDA:95,12,1,0
BRDA:95,13,0,0
BRDA:95,13,1,0
BRDA:111,14,0,1
BRDA:111,14,1,1
BRDA:111,15,0,2
BRDA:111,15,1,1
BRDA:118,16,0,2
BRDA:118,16,1,18
BRDA:125,17,0,6
BRDA:125,17,1,12
BRDA:126,18,0,2
BRDA:126,18,1,16
BRDA:148,19,0,20
BRDA:148,19,1,12
BRDA:148,19,2,7
BRDA:151,20,0,7
BRDA:151,20,1,6
BRDA:159,21,0,7
BRDA:159,21,1,2
BRDA:180,22,0,20
BRDA:180,22,1,12
BRDA:185,23,0,20
BRDA:185,23,1,1
BRF:46
BRH:26
end_of_record
TN:
SF:src/components/ui/pagination.tsx
FN:19,getPageRange
FN:28,(anonymous_1)
FN:58,Pagination
FN:73,(anonymous_3)
FN:94,(anonymous_4)
FN:102,(anonymous_5)
FN:118,(anonymous_6)
FN:130,(anonymous_7)
FNF:8
FNH:0
FNDA:0,getPageRange
FNDA:0,(anonymous_1)
FNDA:0,Pagination
FNDA:0,(anonymous_3)
FNDA:0,(anonymous_4)
FNDA:0,(anonymous_5)
FNDA:0,(anonymous_6)
FNDA:0,(anonymous_7)
DA:24,0
DA:25,0
DA:27,0
DA:28,0
DA:31,0
DA:33,0
DA:34,0
DA:37,0
DA:39,0
DA:40,0
DA:43,0
DA:44,0
DA:47,0
DA:48,0
DA:51,0
DA:52,0
DA:55,0
DA:66,0
DA:68,0
DA:71,0
DA:73,0
DA:82,0
DA:84,0
DA:94,0
DA:103,0
DA:118,0
DA:130,0
LF:27
LH:0
BRDA:24,0,0,0
BRDA:24,0,1,0
BRDA:25,1,0,0
BRDA:25,1,1,0
BRDA:27,2,0,0
BRDA:27,2,1,0
BRDA:39,3,0,0
BRDA:39,3,1,0
BRDA:47,4,0,0
BRDA:47,4,1,0
BRDA:51,5,0,0
BRDA:51,5,1,0
BRDA:62,6,0,0
BRDA:63,7,0,0
BRDA:66,8,0,0
BRDA:66,8,1,0
BRDA:77,9,0,0
BRDA:77,9,1,0
BRDA:98,10,0,0
BRDA:98,10,1,0
BRDA:103,11,0,0
BRDA:103,11,1,0
BRDA:116,12,0,0
BRDA:116,12,1,0
BRDA:133,13,0,0
BRDA:133,13,1,0
BRF:26
BRH:0
end_of_record
TN:
SF:src/components/ui/skeleton.tsx
FN:24,Skeleton
FN:32,(anonymous_1)
FN:53,(anonymous_2)
FNF:3
FNH:3
FNDA:19,Skeleton
FNDA:38,(anonymous_1)
FNDA:6,(anonymous_2)
DA:3,2
DA:32,19
DA:33,38
DA:34,10
DA:35,8
DA:38,19
DA:43,19
DA:50,19
DA:51,2
DA:54,6
DA:68,17
LF:11
LH:11
BRDA:25,0,0,19
BRDA:28,1,0,19
BRDA:30,2,0,19
BRDA:33,3,0,28
BRDA:33,3,1,10
BRDA:34,4,0,2
BRDA:34,4,1,8
BRDA:45,5,0,19
BRDA:45,5,1,18
BRDA:50,6,0,2
BRDA:50,6,1,17
BRDA:50,7,0,19
BRDA:50,7,1,17
BRDA:59,8,0,6
BRDA:59,8,1,6
BRF:15
BRH:15
end_of_record
TN:
SF:src/components/ui/spinner.tsx
FN:29,Spinner
FNF:1
FNH:1
FNDA:16,Spinner
DA:4,1
DA:11,1
DA:37,16
DA:44,16
DA:45,3
DA:61,13
LF:6
LH:6
BRDA:30,0,0,16
BRDA:31,1,0,16
BRDA:32,2,0,16
BRDA:33,3,0,16
BRDA:44,4,0,3
BRDA:44,4,1,13
BRF:6
BRH:6
end_of_record
TN:
SF:src/components/ui/table.tsx
FN:62,Table
FN:88,(anonymous_1)
FN:91,(anonymous_2)
FN:94,(anonymous_3)
FN:109,(anonymous_4)
FN:115,(anonymous_5)
FN:122,(anonymous_6)
FN:126,(anonymous_7)
FN:137,(anonymous_8)
FN:139,(anonymous_9)
FN:148,(anonymous_10)
FN:160,(anonymous_11)
FN:167,(anonymous_12)
FN:174,(anonymous_13)
FN:202,(anonymous_14)
FN:211,(anonymous_15)
FN:242,(anonymous_16)
FN:254,(anonymous_17)
FN:264,(anonymous_18)
FN:267,(anonymous_19)
FN:277,(anonymous_20)
FN:283,(anonymous_21)
FNF:22
FNH:17
FNDA:16,Table
FNDA:16,(anonymous_1)
FNDA:3,(anonymous_2)
FNDA:6,(anonymous_3)
FNDA:2,(anonymous_4)
FNDA:1,(anonymous_5)
FNDA:1,(anonymous_6)
FNDA:72,(anonymous_7)
FNDA:1,(anonymous_8)
FNDA:0,(anonymous_9)
FNDA:0,(anonymous_10)
FNDA:0,(anonymous_11)
FNDA:3,(anonymous_12)
FNDA:6,(anonymous_13)
FNDA:30,(anonymous_14)
FNDA:2,(anonymous_15)
FNDA:3,(anonymous_16)
FNDA:39,(anonymous_17)
FNDA:1,(anonymous_18)
FNDA:0,(anonymous_19)
FNDA:0,(anonymous_20)
FNDA:72,(anonymous_21)
DA:81,16
DA:82,16
DA:84,16
DA:85,16
DA:86,16
DA:88,16
DA:89,16
DA:91,3
DA:92,3
DA:94,3
DA:96,6
DA:100,6
DA:104,6
DA:105,6
DA:109,16
DA:110,2
DA:112,1
DA:113,1
DA:115,1
DA:116,1
DA:117,1
DA:118,1
DA:120,0
DA:122,1
DA:126,16
DA:127,72
DA:128,69
DA:129,66
DA:133,16
DA:137,1
DA:139,16
DA:140,0
DA:141,0
DA:142,0
DA:144,0
DA:148,16
DA:149,0
DA:150,0
DA:151,0
DA:152,0
DA:153,0
DA:155,0
DA:157,0
DA:160,16
DA:161,0
DA:162,0
DA:163,0
DA:167,16
DA:168,3
DA:175,6
DA:186,16
DA:203,30
DA:211,2
DA:242,3
DA:255,39
DA:265,1
DA:267,0
DA:277,0
DA:284,72
LF:59
LH:42
BRDA:65,0,0,16
BRDA:66,1,0,16
BRDA:68,2,0,16
BRDA:69,3,0,16
BRDA:70,4,0,16
BRDA:74,5,0,16
BRDA:85,6,0,2
BRDA:85,6,1,14
BRDA:86,7,0,2
BRDA:86,7,1,14
BRDA:89,8,0,13
BRDA:89,8,1,3
BRDA:89,9,0,16
BRDA:89,9,1,3
BRDA:92,10,0,0
BRDA:92,10,1,3
BRDA:92,11,0,3
BRDA:92,11,1,3
BRDA:96,12,0,0
BRDA:96,12,1,6
BRDA:97,13,0,0
BRDA:97,13,1,0
BRDA:98,14,0,6
BRDA:98,14,1,0
BRDA:100,15,0,0
BRDA:100,15,1,6
BRDA:101,16,0,0
BRDA:101,16,1,0
BRDA:102,17,0,6
BRDA:102,17,1,0
BRDA:105,18,0,6
BRDA:105,18,1,0
BRDA:110,19,0,1
BRDA:110,19,1,1
BRDA:112,20,0,1
BRDA:112,20,1,0
BRDA:112,21,0,1
BRDA:112,21,1,1
BRDA:116,22,0,1
BRDA:116,22,1,0
BRDA:122,23,0,0
BRDA:122,23,1,1
BRDA:122,24,0,1
BRDA:122,24,1,0
BRDA:127,25,0,3
BRDA:127,25,1,69
BRDA:128,26,0,3
BRDA:128,26,1,66
BRDA:129,27,0,66
BRDA:129,27,1,0
BRDA:133,28,0,16
BRDA:133,28,1,1
BRDA:133,28,2,1
BRDA:133,28,3,1
BRDA:133,28,4,1
BRDA:140,29,0,0
BRDA:140,29,1,0
BRDA:140,30,0,0
BRDA:140,30,1,0
BRDA:141,31,0,0
BRDA:141,31,1,0
BRDA:149,32,0,0
BRDA:149,32,1,0
BRDA:149,33,0,0
BRDA:149,33,1,0
BRDA:149,33,2,0
BRDA:152,34,0,0
BRDA:152,34,1,0
BRDA:161,35,0,0
BRDA:161,35,1,0
BRDA:161,36,0,0
BRDA:161,36,1,0
BRDA:169,37,0,3
BRDA:169,37,1,0
BRDA:191,38,0,16
BRDA:191,38,1,1
BRDA:207,39,0,30
BRDA:207,39,1,28
BRDA:211,40,0,2
BRDA:211,40,1,2
BRDA:213,41,0,3
BRDA:213,41,1,27
BRDA:214,42,0,3
BRDA:214,42,1,0
BRDA:222,43,0,30
BRDA:222,43,1,28
BRDA:224,44,0,3
BRDA:224,44,1,25
BRDA:225,45,0,3
BRDA:225,45,1,0
BRDA:241,46,0,1
BRDA:241,46,1,15
BRDA:243,47,0,2
BRDA:243,47,1,13
BRDA:247,48,0,0
BRDA:247,48,1,2
BRDA:259,49,0,39
BRDA:259,49,1,6
BRDA:260,50,0,39
BRDA:260,50,1,3
BRDA:260,50,2,1
BRDA:261,51,0,39
BRDA:261,51,1,3
BRDA:262,52,0,39
BRDA:262,52,1,3
BRDA:262,52,2,0
BRDA:268,53,0,6
BRDA:268,53,1,33
BRDA:269,54,0,6
BRDA:269,54,1,33
BRDA:270,55,0,3
BRDA:270,55,1,36
BRDA:270,56,0,3
BRDA:270,56,1,0
BRDA:272,57,0,39
BRDA:272,57,1,3
BRDA:276,58,0,3
BRDA:276,58,1,0
BRDA:276,59,0,3
BRDA:276,59,1,0
BRDA:256,60,0,3
BRDA:256,60,1,36
BRF:122
BRH:82
end_of_record
TN:
SF:src/components/ui/tabs.tsx
FN:35,Tabs
FN:48,(anonymous_1)
FN:67,(anonymous_2)
FN:77,(anonymous_3)
FNF:4
FNH:0
FNDA:0,Tabs
FNDA:0,(anonymous_1)
FNDA:0,(anonymous_2)
FNDA:0,(anonymous_3)
DA:44,0
DA:45,0
DA:46,0
DA:48,0
DA:49,0
DA:50,0
DA:53,0
DA:55,0
DA:68,0
DA:69,0
DA:77,0
LF:11
LH:0
BRDA:38,0,0,0
BRDA:41,1,0,0
BRDA:46,2,0,0
BRDA:46,2,1,0
BRDA:49,3,0,0
BRDA:49,3,1,0
BRDA:56,4,0,0
BRDA:56,4,1,0
BRDA:62,5,0,0
BRDA:62,5,1,0
BRDA:75,6,0,0
BRDA:75,6,1,0
BRDA:82,7,0,0
BRDA:82,7,1,0
BRDA:85,8,0,0
BRDA:85,8,1,0
BRDA:88,9,0,0
BRDA:88,9,1,0
BRDA:98,10,0,0
BRDA:98,10,1,0
BRDA:104,11,0,0
BRDA:104,11,1,0
BRDA:71,12,0,0
BRDA:71,12,1,0
BRDA:115,13,0,0
BRDA:115,13,1,0
BRDA:119,14,0,0
BRDA:119,14,1,0
BRF:28
BRH:0
end_of_record
TN:
SF:src/components/ui/toast.tsx
FN:52,renderToast
FN:93,(anonymous_1)
FN:109,show
FN:113,success
FN:114,(anonymous_4)
FN:120,error
FN:121,(anonymous_6)
FN:127,info
FN:128,(anonymous_8)
FN:134,warning
FN:135,(anonymous_10)
FN:141,dismiss
FN:145,dismissAll
FNF:13
FNH:0
FNDA:0,renderToast
FNDA:0,(anonymous_1)
FNDA:0,show
FNDA:0,success
FNDA:0,(anonymous_4)
FNDA:0,error
FNDA:0,(anonymous_6)
FNDA:0,info
FNDA:0,(anonymous_8)
FNDA:0,warning
FNDA:0,(anonymous_10)
FNDA:0,dismiss
FNDA:0,dismissAll
DA:7,0
DA:14,0
DA:23,0
DA:57,0
DA:58,0
DA:59,0
DA:60,0
DA:62,0
DA:64,0
DA:93,0
DA:103,0
DA:108,0
DA:110,0
DA:114,0
DA:115,0
DA:121,0
DA:122,0
DA:128,0
DA:129,0
DA:135,0
DA:136,0
DA:142,0
DA:146,0
LF:23
LH:0
BRDA:58,0,0,0
BRDA:58,0,1,0
BRDA:59,1,0,0
BRDA:59,1,1,0
BRDA:60,2,0,0
BRDA:60,2,1,0
BRDA:76,3,0,0
BRDA:76,3,1,0
BRDA:81,4,0,0
BRDA:81,4,1,0
BRF:10
BRH:0
end_of_record
TN:
SF:src/components/ui/toggle.tsx
FN:24,(anonymous_0)
FNF:1
FNH:0
FNDA:0,(anonymous_0)
DA:4,0
DA:9,0
DA:24,0
DA:37,0
DA:40,0
DA:61,0
DA:74,0
DA:75,0
DA:83,0
DA:110,0
LF:10
LH:0
BRDA:28,0,0,0
BRDA:30,1,0,0
BRDA:37,2,0,0
BRDA:37,2,1,0
BRDA:37,3,0,0
BRDA:37,3,1,0
BRDA:64,4,0,0
BRDA:64,4,1,0
BRDA:74,5,0,0
BRDA:74,5,1,0
BRDA:88,6,0,0
BRDA:88,6,1,0
BRDA:91,7,0,0
BRDA:91,7,1,0
BRDA:100,8,0,0
BRDA:100,8,1,0
BRF:16
BRH:0
end_of_record
TN:
SF:src/components/ui/tooltip.tsx
FN:43,Tooltip
FN:56,(anonymous_1)
FN:58,(anonymous_2)
FN:61,(anonymous_3)
FN:63,(anonymous_4)
FN:66,(anonymous_5)
FN:71,(anonymous_6)
FNF:7
FNH:0
FNDA:0,Tooltip
FNDA:0,(anonymous_1)
FNDA:0,(anonymous_2)
FNDA:0,(anonymous_3)
FNDA:0,(anonymous_4)
FNDA:0,(anonymous_5)
FNDA:0,(anonymous_6)
DA:10,0
DA:17,0
DA:52,0
DA:53,0
DA:54,0
DA:56,0
DA:57,0
DA:58,0
DA:61,0
DA:62,0
DA:63,0
DA:66,0
DA:67,0
DA:68,0
DA:71,0
DA:72,0
DA:75,0
LF:17
LH:0
BRDA:46,0,0,0
BRDA:47,1,0,0
BRDA:48,2,0,0
BRDA:49,3,0,0
BRDA:85,4,0,0
BRDA:85,4,1,0
BRDA:97,5,0,0
BRDA:97,5,1,0
BRF:8
BRH:0
end_of_record
TN:
SF:src/hooks/useAuth.ts
FN:3,useAuth
FN:4,(anonymous_1)
FN:5,(anonymous_2)
FN:6,(anonymous_3)
FN:7,(anonymous_4)
FN:8,(anonymous_5)
FN:9,(anonymous_6)
FN:10,(anonymous_7)
FN:11,(anonymous_8)
FNF:9
FNH:0
FNDA:0,useAuth
FNDA:0,(anonymous_1)
FNDA:0,(anonymous_2)
FNDA:0,(anonymous_3)
FNDA:0,(anonymous_4)
FNDA:0,(anonymous_5)
FNDA:0,(anonymous_6)
FNDA:0,(anonymous_7)
FNDA:0,(anonymous_8)
DA:4,0
DA:5,0
DA:6,0
DA:7,0
DA:8,0
DA:9,0
DA:10,0
DA:11,0
DA:13,0
LF:9
LH:0
BRF:0
BRH:0
end_of_record
TN:
SF:src/lib/utils.ts
FN:4,cn
FNF:1
FNH:1
FNDA:414,cn
DA:5,414
LF:1
LH:1
BRF:0
BRH:0
end_of_record
TN:
SF:src/pages/activities/activity-page.tsx
FN:58,mapFilterToActivityType
FN:71,getActorInitials
FN:78,TimelineSkeleton
FN:81,(anonymous_3)
FN:98,EmptyState
FN:114,ErrorState
FN:126,(anonymous_6)
FN:133,ActivityPage
FN:147,(anonymous_8)
FN:180,(anonymous_9)
FN:184,(anonymous_10)
FN:212,(anonymous_11)
FN:264,(anonymous_12)
FN:280,(anonymous_13)
FN:285,(anonymous_14)
FN:305,(anonymous_15)
FN:315,(anonymous_16)
FN:321,(anonymous_17)
FNF:18
FNH:0
FNDA:0,mapFilterToActivityType
FNDA:0,getActorInitials
FNDA:0,TimelineSkeleton
FNDA:0,(anonymous_3)
FNDA:0,EmptyState
FNDA:0,ErrorState
FNDA:0,(anonymous_6)
FNDA:0,ActivityPage
FNDA:0,(anonymous_8)
FNDA:0,(anonymous_9)
FNDA:0,(anonymous_10)
FNDA:0,(anonymous_11)
FNDA:0,(anonymous_12)
FNDA:0,(anonymous_13)
FNDA:0,(anonymous_14)
FNDA:0,(anonymous_15)
FNDA:0,(anonymous_16)
FNDA:0,(anonymous_17)
DA:26,0
DA:36,0
DA:49,0
DA:59,0
DA:60,0
DA:68,0
DA:72,0
DA:73,0
DA:75,0
DA:79,0
DA:82,0
DA:99,0
DA:115,0
DA:126,0
DA:134,0
DA:135,0
DA:136,0
DA:137,0
DA:138,0
DA:140,0
DA:141,0
DA:142,0
DA:143,0
DA:145,0
DA:147,0
DA:148,0
DA:149,0
DA:150,0
DA:157,0
DA:158,0
DA:159,0
DA:160,0
DA:166,0
DA:181,0
DA:184,0
DA:213,0
DA:264,0
DA:280,0
DA:285,0
DA:305,0
DA:315,0
DA:321,0
LF:42
LH:0
BRDA:59,0,0,0
BRDA:59,0,1,0
BRDA:72,1,0,0
BRDA:72,1,1,0
BRDA:85,2,0,0
BRDA:85,2,1,0
BRDA:141,3,0,0
BRDA:141,3,1,0
BRDA:145,4,0,0
BRDA:145,4,1,0
BRDA:148,5,0,0
BRDA:148,5,1,0
BRDA:154,6,0,0
BRDA:154,6,1,0
BRDA:155,7,0,0
BRDA:155,7,1,0
BRDA:188,8,0,0
BRDA:188,8,1,0
BRDA:200,9,0,0
BRDA:200,9,1,0
BRDA:202,10,0,0
BRDA:202,10,1,0
BRDA:203,11,0,0
BRDA:203,11,1,0
BRDA:204,12,0,0
BRDA:204,12,1,0
BRDA:219,13,0,0
BRDA:219,13,1,0
BRDA:223,14,0,0
BRDA:223,14,1,0
BRDA:233,15,0,0
BRDA:233,15,1,0
BRDA:235,16,0,0
BRDA:235,16,1,0
BRDA:244,17,0,0
BRDA:244,17,1,0
BRF:36
BRH:0
end_of_record
TN:
SF:src/pages/auth/index.ts
FNF:0
FNH:0
LF:0
LH:0
BRF:0
BRH:0
end_of_record
TN:
SF:src/pages/auth/login.tsx
FN:7,LoginPage
FN:14,(anonymous_1)
FN:53,(anonymous_2)
FN:62,(anonymous_3)
FNF:4
FNH:0
FNDA:0,LoginPage
FNDA:0,(anonymous_1)
FNDA:0,(anonymous_2)
FNDA:0,(anonymous_3)
DA:8,0
DA:9,0
DA:10,0
DA:11,0
DA:12,0
DA:14,0
DA:15,0
DA:16,0
DA:17,0
DA:18,0
DA:19,0
DA:21,0
DA:23,0
DA:27,0
DA:53,0
DA:62,0
LF:16
LH:0
BRDA:21,0,0,0
BRDA:21,0,1,0
BRDA:21,0,2,0
BRDA:43,1,0,0
BRDA:43,1,1,0
BRF:5
BRH:0
end_of_record
TN:
SF:src/pages/auth/magic-link.tsx
FN:6,MagicLinkPage
FN:12,(anonymous_1)
FN:67,(anonymous_2)
FNF:3
FNH:0
FNDA:0,MagicLinkPage
FNDA:0,(anonymous_1)
FNDA:0,(anonymous_2)
DA:7,0
DA:8,0
DA:9,0
DA:10,0
DA:12,0
DA:13,0
DA:14,0
DA:15,0
DA:16,0
DA:17,0
DA:22,0
DA:23,0
DA:24,0
DA:26,0
DA:29,0
DA:31,0
DA:35,0
DA:36,0
DA:51,0
DA:67,0
LF:20
LH:0
BRDA:22,0,0,0
BRDA:22,0,1,0
BRDA:24,1,0,0
BRDA:24,1,1,0
BRDA:24,1,2,0
BRDA:35,2,0,0
BRDA:35,2,1,0
BRDA:62,3,0,0
BRDA:62,3,1,0
BRF:9
BRH:0
end_of_record
TN:
SF:src/pages/auth/signup.tsx
FN:7,SignupPage
FN:21,(anonymous_1)
FN:22,(anonymous_2)
FN:25,(anonymous_3)
FNF:4
FNH:0
FNDA:0,SignupPage
FNDA:0,(anonymous_1)
FNDA:0,(anonymous_2)
FNDA:0,(anonymous_3)
DA:8,0
DA:9,0
DA:18,0
DA:19,0
DA:21,0
DA:22,0
DA:25,0
DA:26,0
DA:27,0
DA:29,0
DA:30,0
DA:31,0
DA:33,0
DA:34,0
DA:35,0
DA:38,0
DA:39,0
DA:40,0
DA:49,0
DA:50,0
DA:51,0
DA:52,0
DA:54,0
DA:57,0
DA:61,0
LF:25
LH:0
BRDA:29,0,0,0
BRDA:29,0,1,0
BRDA:33,1,0,0
BRDA:33,1,1,0
BRDA:42,2,0,0
BRDA:42,2,1,0
BRDA:46,3,0,0
BRDA:46,3,1,0
BRDA:50,4,0,0
BRDA:50,4,1,0
BRDA:52,5,0,0
BRDA:52,5,1,0
BRDA:77,6,0,0
BRDA:77,6,1,0
BRF:14
BRH:0
end_of_record
TN:
SF:src/pages/contacts/contact-detail.tsx
FN:53,DetailRow
FN:79,formatDate
FN:87,formatRelativeTime
FN:102,ActivityIcon
FN:137,ErrorState
FN:171,DetailSkeleton
FN:198,(anonymous_6)
FN:206,(anonymous_7)
FN:223,OverviewTab
FN:273,(anonymous_9)
FN:348,ActivityTab
FN:359,(anonymous_11)
FN:376,(anonymous_12)
FN:405,(anonymous_13)
FN:430,DealsTab
FN:440,(anonymous_15)
FN:457,(anonymous_16)
FN:509,(anonymous_17)
FN:545,NotesTab
FN:557,(anonymous_19)
FN:570,(anonymous_20)
FN:594,(anonymous_21)
FN:612,ContactDetailPage
FN:646,(anonymous_23)
FN:653,(anonymous_24)
FN:717,(anonymous_25)
FN:722,(anonymous_26)
FNF:27
FNH:0
FNDA:0,DetailRow
FNDA:0,formatDate
FNDA:0,formatRelativeTime
FNDA:0,ActivityIcon
FNDA:0,ErrorState
FNDA:0,DetailSkeleton
FNDA:0,(anonymous_6)
FNDA:0,(anonymous_7)
FNDA:0,OverviewTab
FNDA:0,(anonymous_9)
FNDA:0,ActivityTab
FNDA:0,(anonymous_11)
FNDA:0,(anonymous_12)
FNDA:0,(anonymous_13)
FNDA:0,DealsTab
FNDA:0,(anonymous_15)
FNDA:0,(anonymous_16)
FNDA:0,(anonymous_17)
FNDA:0,NotesTab
FNDA:0,(anonymous_19)
FNDA:0,(anonymous_20)
FNDA:0,(anonymous_21)
FNDA:0,ContactDetailPage
FNDA:0,(anonymous_23)
FNDA:0,(anonymous_24)
FNDA:0,(anonymous_25)
FNDA:0,(anonymous_26)
DA:44,0
DA:62,0
DA:80,0
DA:88,0
DA:89,0
DA:90,0
DA:91,0
DA:92,0
DA:93,0
DA:95,0
DA:96,0
DA:97,0
DA:98,0
DA:99,0
DA:103,0
DA:115,0
DA:125,0
DA:144,0
DA:172,0
DA:199,0
DA:207,0
DA:224,0
DA:274,0
DA:349,0
DA:355,0
DA:356,0
DA:360,0
DA:373,0
DA:374,0
DA:376,0
DA:381,0
DA:383,0
DA:384,0
DA:398,0
DA:406,0
DA:431,0
DA:436,0
DA:437,0
DA:441,0
DA:454,0
DA:455,0
DA:457,0
DA:462,0
DA:464,0
DA:465,0
DA:479,0
DA:486,0
DA:510,0
DA:546,0
DA:553,0
DA:554,0
DA:558,0
DA:567,0
DA:568,0
DA:570,0
DA:575,0
DA:577,0
DA:578,0
DA:592,0
DA:595,0
DA:613,0
DA:614,0
DA:615,0
DA:621,0
DA:624,0
DA:625,0
DA:628,0
DA:629,0
DA:646,0
DA:653,0
DA:654,0
DA:656,0
DA:660,0
DA:718,0
DA:722,0
LF:75
LH:0
BRDA:72,0,0,0
BRDA:72,0,1,0
BRDA:95,1,0,0
BRDA:95,1,1,0
BRDA:96,2,0,0
BRDA:96,2,1,0
BRDA:97,3,0,0
BRDA:97,3,1,0
BRDA:98,4,0,0
BRDA:98,4,1,0
BRDA:129,5,0,0
BRDA:129,5,1,0
BRDA:132,6,0,0
BRDA:132,6,1,0
BRDA:155,7,0,0
BRDA:155,7,1,0
BRDA:243,8,0,0
BRDA:243,8,1,0
BRDA:243,8,2,0
BRDA:249,9,0,0
BRDA:249,9,1,0
BRDA:258,10,0,0
BRDA:258,10,1,0
BRDA:271,11,0,0
BRDA:271,11,1,0
BRDA:287,12,0,0
BRDA:287,12,1,0
BRDA:292,13,0,0
BRDA:292,13,1,0
BRDA:307,14,0,0
BRDA:307,14,1,0
BRDA:312,15,0,0
BRDA:312,15,1,0
BRDA:323,16,0,0
BRDA:323,16,1,0
BRDA:340,17,0,0
BRDA:340,17,1,0
BRDA:355,18,0,0
BRDA:355,18,1,0
BRDA:373,19,0,0
BRDA:373,19,1,0
BRDA:381,20,0,0
BRDA:381,20,1,0
BRDA:383,21,0,0
BRDA:383,21,1,0
BRDA:412,22,0,0
BRDA:412,22,1,0
BRDA:419,23,0,0
BRDA:419,23,1,0
BRDA:436,24,0,0
BRDA:436,24,1,0
BRDA:454,25,0,0
BRDA:454,25,1,0
BRDA:462,26,0,0
BRDA:462,26,1,0
BRDA:464,27,0,0
BRDA:464,27,1,0
BRDA:528,28,0,0
BRDA:528,28,1,0
BRDA:533,29,0,0
BRDA:533,29,1,0
BRDA:553,30,0,0
BRDA:553,30,1,0
BRDA:567,31,0,0
BRDA:567,31,1,0
BRDA:575,32,0,0
BRDA:575,32,1,0
BRDA:577,33,0,0
BRDA:577,33,1,0
BRDA:598,34,0,0
BRDA:598,34,1,0
BRDA:624,35,0,0
BRDA:624,35,1,0
BRDA:628,36,0,0
BRDA:628,36,1,0
BRDA:628,37,0,0
BRDA:628,37,1,0
BRDA:654,38,0,0
BRDA:654,38,1,0
BRDA:680,39,0,0
BRDA:680,39,1,0
BRDA:689,40,0,0
BRDA:689,40,1,0
BRDA:690,41,0,0
BRDA:690,41,1,0
BRDA:725,42,0,0
BRDA:725,42,1,0
BRDA:739,43,0,0
BRDA:739,43,1,0
BRDA:740,44,0,0
BRDA:740,44,1,0
BRDA:741,45,0,0
BRDA:741,45,1,0
BRDA:742,46,0,0
BRDA:742,46,1,0
BRF:95
BRH:0
end_of_record
TN:
SF:src/pages/contacts/contact-list.tsx
FN:14,formatDate
FN:23,EmptyState
FN:42,ErrorState
FN:74,SkeletonRow
FN:102,ContactListPage
FN:122,(anonymous_5)
FN:130,(anonymous_6)
FN:166,(anonymous_7)
FN:195,(anonymous_8)
FN:229,(anonymous_9)
FN:233,(anonymous_10)
FN:236,(anonymous_11)
FN:303,(anonymous_12)
FN:303,(anonymous_13)
FN:308,(anonymous_14)
FN:320,(anonymous_15)
FN:337,(anonymous_16)
FN:337,(anonymous_17)
FN:351,generatePageNumbers
FN:356,(anonymous_19)
FNF:20
FNH:0
FNDA:0,formatDate
FNDA:0,EmptyState
FNDA:0,ErrorState
FNDA:0,SkeletonRow
FNDA:0,ContactListPage
FNDA:0,(anonymous_5)
FNDA:0,(anonymous_6)
FNDA:0,(anonymous_7)
FNDA:0,(anonymous_8)
FNDA:0,(anonymous_9)
FNDA:0,(anonymous_10)
FNDA:0,(anonymous_11)
FNDA:0,(anonymous_12)
FNDA:0,(anonymous_13)
FNDA:0,(anonymous_14)
FNDA:0,(anonymous_15)
FNDA:0,(anonymous_16)
FNDA:0,(anonymous_17)
FNDA:0,generatePageNumbers
FNDA:0,(anonymous_19)
DA:15,0
DA:16,0
DA:24,0
DA:49,0
DA:75,0
DA:103,0
DA:104,0
DA:105,0
DA:106,0
DA:108,0
DA:112,0
DA:113,0
DA:116,0
DA:118,0
DA:119,0
DA:120,0
DA:122,0
DA:124,0
DA:125,0
DA:130,0
DA:132,0
DA:137,0
DA:166,0
DA:196,0
DA:230,0
DA:233,0
DA:237,0
DA:238,0
DA:239,0
DA:303,0
DA:309,0
DA:320,0
DA:337,0
DA:355,0
DA:356,0
DA:359,0
DA:361,0
DA:362,0
DA:365,0
DA:366,0
DA:368,0
DA:369,0
DA:372,0
DA:373,0
DA:376,0
DA:378,0
LF:46
LH:0
BRDA:60,0,0,0
BRDA:60,0,1,0
BRDA:112,1,0,0
BRDA:112,1,1,0
BRDA:118,2,0,0
BRDA:118,2,1,0
BRDA:119,3,0,0
BRDA:119,3,1,0
BRDA:164,4,0,0
BRDA:164,4,1,0
BRDA:170,5,0,0
BRDA:170,5,1,0
BRDA:200,6,0,0
BRDA:200,6,1,0
BRDA:237,7,0,0
BRDA:237,7,1,0
BRDA:237,8,0,0
BRDA:237,8,1,0
BRDA:247,9,0,0
BRDA:247,9,1,0
BRDA:260,10,0,0
BRDA:260,10,1,0
BRDA:260,10,2,0
BRDA:263,11,0,0
BRDA:263,11,1,0
BRDA:266,12,0,0
BRDA:266,12,1,0
BRDA:309,13,0,0
BRDA:309,13,1,0
BRDA:323,14,0,0
BRDA:323,14,1,0
BRDA:355,15,0,0
BRDA:355,15,1,0
BRDA:361,16,0,0
BRDA:361,16,1,0
BRDA:372,17,0,0
BRDA:372,17,1,0
BRF:37
BRH:0
end_of_record
TN:
SF:src/pages/contacts/index.ts
FNF:0
FNH:0
LF:0
LH:0
BRF:0
BRH:0
end_of_record
TN:
SF:src/pages/dashboard/dashboard-page.tsx
FN:31,formatCurrency
FN:40,formatPercent
FN:52,MetricCard
FN:99,EmptyState
FN:112,ActivityItem
FN:155,TaskItem
FN:171,(anonymous_6)
FN:206,DashboardPage
FN:218,(anonymous_8)
FN:223,(anonymous_9)
FN:224,(anonymous_10)
FN:225,(anonymous_11)
FN:226,(anonymous_12)
FN:227,(anonymous_13)
FN:228,(anonymous_14)
FN:232,(anonymous_15)
FN:246,(anonymous_16)
FN:247,(anonymous_17)
FN:264,(anonymous_18)
FN:266,(anonymous_19)
FN:347,(anonymous_20)
FN:358,(anonymous_21)
FN:378,(anonymous_22)
FN:392,(anonymous_23)
FN:408,(anonymous_24)
FN:422,(anonymous_25)
FN:441,(anonymous_26)
FN:448,(anonymous_27)
FN:457,formatRelativeTime
FNF:29
FNH:0
FNDA:0,formatCurrency
FNDA:0,formatPercent
FNDA:0,MetricCard
FNDA:0,EmptyState
FNDA:0,ActivityItem
FNDA:0,TaskItem
FNDA:0,(anonymous_6)
FNDA:0,DashboardPage
FNDA:0,(anonymous_8)
FNDA:0,(anonymous_9)
FNDA:0,(anonymous_10)
FNDA:0,(anonymous_11)
FNDA:0,(anonymous_12)
FNDA:0,(anonymous_13)
FNDA:0,(anonymous_14)
FNDA:0,(anonymous_15)
FNDA:0,(anonymous_16)
FNDA:0,(anonymous_17)
FNDA:0,(anonymous_18)
FNDA:0,(anonymous_19)
FNDA:0,(anonymous_20)
FNDA:0,(anonymous_21)
FNDA:0,(anonymous_22)
FNDA:0,(anonymous_23)
FNDA:0,(anonymous_24)
FNDA:0,(anonymous_25)
FNDA:0,(anonymous_26)
FNDA:0,(anonymous_27)
FNDA:0,formatRelativeTime
DA:32,0
DA:41,0
DA:53,0
DA:100,0
DA:121,0
DA:134,0
DA:138,0
DA:164,0
DA:171,0
DA:172,0
DA:173,0
DA:174,0
DA:175,0
DA:176,0
DA:177,0
DA:178,0
DA:179,0
DA:180,0
DA:183,0
DA:207,0
DA:209,0
DA:210,0
DA:211,0
DA:214,0
DA:216,0
DA:218,0
DA:219,0
DA:221,0
DA:222,0
DA:223,0
DA:224,0
DA:225,0
DA:226,0
DA:227,0
DA:228,0
DA:229,0
DA:231,0
DA:232,0
DA:236,0
DA:237,0
DA:238,0
DA:239,0
DA:240,0
DA:241,0
DA:242,0
DA:245,0
DA:246,0
DA:247,0
DA:249,0
DA:261,0
DA:262,0
DA:264,0
DA:265,0
DA:266,0
DA:273,0
DA:275,0
DA:348,0
DA:358,0
DA:379,0
DA:393,0
DA:409,0
DA:423,0
DA:441,0
DA:448,0
DA:458,0
DA:459,0
DA:460,0
DA:461,0
DA:462,0
DA:463,0
DA:465,0
DA:466,0
DA:467,0
DA:468,0
DA:469,0
LF:75
LH:0
BRDA:55,0,0,0
BRDA:55,0,1,0
BRDA:59,1,0,0
BRDA:59,1,1,0
BRDA:76,2,0,0
BRDA:76,2,1,0
BRDA:81,3,0,0
BRDA:81,3,1,0
BRDA:134,4,0,0
BRDA:134,4,1,0
BRDA:172,5,0,0
BRDA:172,5,1,0
BRDA:177,6,0,0
BRDA:177,6,1,0
BRDA:178,7,0,0
BRDA:178,7,1,0
BRDA:179,8,0,0
BRDA:179,8,1,0
BRDA:188,9,0,0
BRDA:188,9,1,0
BRDA:199,10,0,0
BRDA:199,10,1,0
BRDA:216,11,0,0
BRDA:216,11,1,0
BRDA:219,12,0,0
BRDA:219,12,1,0
BRDA:229,13,0,0
BRDA:229,13,1,0
BRDA:231,14,0,0
BRDA:231,14,1,0
BRDA:238,15,0,0
BRDA:238,15,1,0
BRDA:239,16,0,0
BRDA:239,16,1,0
BRDA:256,17,0,0
BRDA:256,17,1,0
BRDA:257,18,0,0
BRDA:257,18,1,0
BRDA:261,19,0,0
BRDA:261,19,1,0
BRDA:262,20,0,0
BRDA:262,20,1,0
BRDA:265,21,0,0
BRDA:265,21,1,0
BRDA:273,22,0,0
BRDA:273,22,1,0
BRDA:296,23,0,0
BRDA:296,23,1,0
BRDA:296,24,0,0
BRDA:296,24,1,0
BRDA:302,25,0,0
BRDA:302,25,1,0
BRDA:302,26,0,0
BRDA:302,26,1,0
BRDA:308,27,0,0
BRDA:308,27,1,0
BRDA:308,28,0,0
BRDA:308,28,1,0
BRDA:314,29,0,0
BRDA:314,29,1,0
BRDA:314,30,0,0
BRDA:314,30,1,0
BRDA:328,31,0,0
BRDA:328,31,1,0
BRDA:332,32,0,0
BRDA:332,32,1,0
BRDA:348,33,0,0
BRDA:348,33,1,0
BRDA:376,34,0,0
BRDA:376,34,1,0
BRDA:388,35,0,0
BRDA:388,35,1,0
BRDA:406,36,0,0
BRDA:406,36,1,0
BRDA:418,37,0,0
BRDA:418,37,1,0
BRDA:465,38,0,0
BRDA:465,38,1,0
BRDA:466,39,0,0
BRDA:466,39,1,0
BRDA:467,40,0,0
BRDA:467,40,1,0
BRDA:468,41,0,0
BRDA:468,41,1,0
BRF:84
BRH:0
end_of_record
TN:
SF:src/pages/dashboard/index.tsx
FNF:0
FNH:0
LF:0
LH:0
BRF:0
BRH:0
end_of_record
TN:
SF:src/pages/email/email-page.tsx
FN:25,tabToParams
FN:34,EmailListSkeleton
FN:37,(anonymous_2)
FN:51,EmptyState
FN:69,ErrorState
FN:77,(anonymous_5)
FN:90,EmailRow
FN:93,(anonymous_7)
FN:169,EmailDetail
FN:172,(anonymous_9)
FN:178,(anonymous_10)
FN:184,(anonymous_11)
FN:274,EmailPage
FN:291,(anonymous_13)
FN:310,(anonymous_14)
FN:313,(anonymous_15)
FN:334,(anonymous_16)
FN:340,(anonymous_17)
FN:347,(anonymous_18)
FN:351,(anonymous_19)
FN:388,(anonymous_20)
FN:393,(anonymous_21)
FN:409,(anonymous_22)
FN:429,(anonymous_23)
FN:434,(anonymous_24)
FN:448,(anonymous_25)
FN:455,(anonymous_26)
FN:469,(anonymous_27)
FNF:28
FNH:0
FNDA:0,tabToParams
FNDA:0,EmailListSkeleton
FNDA:0,(anonymous_2)
FNDA:0,EmptyState
FNDA:0,ErrorState
FNDA:0,(anonymous_5)
FNDA:0,EmailRow
FNDA:0,(anonymous_7)
FNDA:0,EmailDetail
FNDA:0,(anonymous_9)
FNDA:0,(anonymous_10)
FNDA:0,(anonymous_11)
FNDA:0,EmailPage
FNDA:0,(anonymous_13)
FNDA:0,(anonymous_14)
FNDA:0,(anonymous_15)
FNDA:0,(anonymous_16)
FNDA:0,(anonymous_17)
FNDA:0,(anonymous_18)
FNDA:0,(anonymous_19)
FNDA:0,(anonymous_20)
FNDA:0,(anonymous_21)
FNDA:0,(anonymous_22)
FNDA:0,(anonymous_23)
FNDA:0,(anonymous_24)
FNDA:0,(anonymous_25)
FNDA:0,(anonymous_26)
FNDA:0,(anonymous_27)
DA:26,0
DA:27,0
DA:28,0
DA:29,0
DA:30,0
DA:31,0
DA:35,0
DA:38,0
DA:52,0
DA:57,0
DA:58,0
DA:70,0
DA:77,0
DA:91,0
DA:93,0
DA:94,0
DA:95,0
DA:98,0
DA:99,0
DA:101,0
DA:170,0
DA:172,0
DA:173,0
DA:174,0
DA:178,0
DA:179,0
DA:180,0
DA:184,0
DA:185,0
DA:188,0
DA:275,0
DA:276,0
DA:277,0
DA:278,0
DA:279,0
DA:280,0
DA:281,0
DA:283,0
DA:284,0
DA:285,0
DA:286,0
DA:287,0
DA:289,0
DA:291,0
DA:292,0
DA:293,0
DA:294,0
DA:301,0
DA:302,0
DA:303,0
DA:304,0
DA:310,0
DA:311,0
DA:313,0
DA:314,0
DA:315,0
DA:319,0
DA:325,0
DA:334,0
DA:340,0
DA:348,0
DA:352,0
DA:353,0
DA:389,0
DA:393,0
DA:409,0
DA:429,0
DA:434,0
DA:448,0
DA:455,0
DA:469,0
LF:71
LH:0
BRDA:27,0,0,0
BRDA:27,0,1,0
BRDA:28,1,0,0
BRDA:28,1,1,0
BRDA:29,2,0,0
BRDA:29,2,1,0
BRDA:30,3,0,0
BRDA:30,3,1,0
BRDA:98,4,0,0
BRDA:98,4,1,0
BRDA:98,5,0,0
BRDA:98,5,1,0
BRDA:99,6,0,0
BRDA:99,6,1,0
BRDA:108,7,0,0
BRDA:108,7,1,0
BRDA:109,8,0,0
BRDA:109,8,1,0
BRDA:115,9,0,0
BRDA:115,9,1,0
BRDA:127,10,0,0
BRDA:127,10,1,0
BRDA:135,11,0,0
BRDA:135,11,1,0
BRDA:141,12,0,0
BRDA:141,12,1,0
BRDA:146,13,0,0
BRDA:146,13,1,0
BRDA:158,14,0,0
BRDA:158,14,1,0
BRDA:161,15,0,0
BRDA:161,15,1,0
BRDA:173,16,0,0
BRDA:173,16,1,0
BRDA:193,17,0,0
BRDA:193,17,1,0
BRDA:213,18,0,0
BRDA:213,18,1,0
BRDA:219,19,0,0
BRDA:219,19,1,0
BRDA:222,20,0,0
BRDA:222,20,1,0
BRDA:222,20,2,0
BRDA:233,21,0,0
BRDA:233,21,1,0
BRDA:240,22,0,0
BRDA:240,22,1,0
BRDA:248,23,0,0
BRDA:248,23,1,0
BRDA:251,24,0,0
BRDA:251,24,1,0
BRDA:257,25,0,0
BRDA:257,25,1,0
BRDA:262,26,0,0
BRDA:262,26,1,0
BRDA:283,27,0,0
BRDA:283,27,1,0
BRDA:285,28,0,0
BRDA:285,28,1,0
BRDA:289,29,0,0
BRDA:289,29,1,0
BRDA:292,30,0,0
BRDA:292,30,1,0
BRDA:292,31,0,0
BRDA:292,31,1,0
BRDA:314,32,0,0
BRDA:314,32,1,0
BRDA:314,33,0,0
BRDA:314,33,1,0
BRDA:358,34,0,0
BRDA:358,34,1,0
BRDA:362,35,0,0
BRDA:362,35,1,0
BRDA:377,36,0,0
BRDA:377,36,1,0
BRDA:377,37,0,0
BRDA:377,37,1,0
BRDA:380,38,0,0
BRDA:380,38,1,0
BRDA:382,39,0,0
BRDA:382,39,1,0
BRDA:383,40,0,0
BRDA:383,40,1,0
BRDA:384,41,0,0
BRDA:384,41,1,0
BRDA:405,42,0,0
BRDA:405,42,1,0
BRDA:408,43,0,0
BRDA:408,43,1,0
BRDA:437,44,0,0
BRDA:437,44,1,0
BRF:91
BRH:0
end_of_record
TN:
SF:src/pages/onboarding/index.ts
FNF:0
FNH:0
LF:0
LH:0
BRF:0
BRH:0
end_of_record
TN:
SF:src/pages/onboarding/onboarding-page.tsx
FN:23,Step
FN:45,OnboardingPage
FN:54,(anonymous_2)
FN:77,(anonymous_3)
FN:95,(anonymous_4)
FN:96,(anonymous_5)
FN:105,(anonymous_6)
FN:123,(anonymous_7)
FN:143,(anonymous_8)
FN:144,(anonymous_9)
FN:152,(anonymous_10)
FN:158,(anonymous_11)
FN:171,(anonymous_12)
FN:205,(anonymous_13)
FNF:14
FNH:0
FNDA:0,Step
FNDA:0,OnboardingPage
FNDA:0,(anonymous_2)
FNDA:0,(anonymous_3)
FNDA:0,(anonymous_4)
FNDA:0,(anonymous_5)
FNDA:0,(anonymous_6)
FNDA:0,(anonymous_7)
FNDA:0,(anonymous_8)
FNDA:0,(anonymous_9)
FNDA:0,(anonymous_10)
FNDA:0,(anonymous_11)
FNDA:0,(anonymous_12)
FNDA:0,(anonymous_13)
DA:24,0
DA:46,0
DA:47,0
DA:48,0
DA:49,0
DA:50,0
DA:51,0
DA:52,0
DA:54,0
DA:55,0
DA:56,0
DA:57,0
DA:61,0
DA:62,0
DA:65,0
DA:67,0
DA:71,0
DA:77,0
DA:95,0
DA:96,0
DA:105,0
DA:123,0
DA:143,0
DA:144,0
DA:152,0
DA:158,0
DA:171,0
DA:200,0
DA:206,0
LF:29
LH:0
BRDA:23,0,0,0
BRDA:23,1,0,0
BRDA:30,2,0,0
BRDA:30,2,1,0
BRDA:35,3,0,0
BRDA:35,3,1,0
BRDA:61,4,0,0
BRDA:61,4,1,0
BRDA:101,5,0,0
BRDA:101,5,1,0
BRDA:103,6,0,0
BRDA:103,6,1,0
BRDA:119,7,0,0
BRDA:119,7,1,0
BRDA:121,8,0,0
BRDA:121,8,1,0
BRDA:167,9,0,0
BRDA:167,9,1,0
BRDA:191,10,0,0
BRDA:191,10,1,0
BRDA:209,11,0,0
BRDA:209,11,1,0
BRDA:209,12,0,0
BRDA:209,12,1,0
BRF:24
BRH:0
end_of_record
TN:
SF:src/pages/pipeline/index.ts
FNF:0
FNH:0
LF:0
LH:0
BRF:0
BRH:0
end_of_record
TN:
SF:src/pages/pipeline/pipeline-page.tsx
FN:43,formatCurrency
FN:52,formatDate
FN:61,getStageColor
FN:102,DealCard
FN:135,(anonymous_4)
FN:138,(anonymous_5)
FN:204,DealCardSkeleton
FN:225,KanbanColumn
FN:231,(anonymous_8)
FN:281,(anonymous_9)
FN:282,(anonymous_10)
FN:302,PipelineTabs
FN:305,(anonymous_12)
FN:309,(anonymous_13)
FN:337,AddDealForm
FN:347,(anonymous_15)
FN:351,(anonymous_16)
FN:353,(anonymous_17)
FN:362,(anonymous_18)
FN:368,(anonymous_19)
FN:378,(anonymous_20)
FN:403,(anonymous_21)
FN:414,(anonymous_22)
FN:423,(anonymous_23)
FN:444,(anonymous_24)
FN:460,(anonymous_25)
FN:470,(anonymous_26)
FN:483,(anonymous_27)
FN:509,DealDetailModal
FN:525,(anonymous_29)
FN:647,(anonymous_30)
FN:655,(anonymous_31)
FN:659,(anonymous_32)
FN:674,(anonymous_33)
FN:683,(anonymous_34)
FN:691,(anonymous_35)
FN:706,EmptyPipelineState
FN:726,PipelineErrorState
FN:751,PipelineLoadingState
FN:754,(anonymous_39)
FN:776,PipelineHeader
FN:787,(anonymous_41)
FN:815,PipelinePage
FN:828,(anonymous_43)
FN:829,(anonymous_44)
FN:834,(anonymous_45)
FN:844,(anonymous_46)
FN:846,(anonymous_47)
FN:847,(anonymous_48)
FN:870,(anonymous_49)
FN:877,(anonymous_50)
FN:904,(anonymous_51)
FN:921,(anonymous_52)
FN:926,(anonymous_53)
FN:935,(anonymous_54)
FN:938,(anonymous_55)
FN:964,(anonymous_56)
FN:977,(anonymous_57)
FN:992,(anonymous_58)
FN:997,(anonymous_59)
FN:1007,(anonymous_60)
FN:1019,(anonymous_61)
FN:1028,(anonymous_62)
FN:1036,(anonymous_63)
FNF:64
FNH:0
FNDA:0,formatCurrency
FNDA:0,formatDate
FNDA:0,getStageColor
FNDA:0,DealCard
FNDA:0,(anonymous_4)
FNDA:0,(anonymous_5)
FNDA:0,DealCardSkeleton
FNDA:0,KanbanColumn
FNDA:0,(anonymous_8)
FNDA:0,(anonymous_9)
FNDA:0,(anonymous_10)
FNDA:0,PipelineTabs
FNDA:0,(anonymous_12)
FNDA:0,(anonymous_13)
FNDA:0,AddDealForm
FNDA:0,(anonymous_15)
FNDA:0,(anonymous_16)
FNDA:0,(anonymous_17)
FNDA:0,(anonymous_18)
FNDA:0,(anonymous_19)
FNDA:0,(anonymous_20)
FNDA:0,(anonymous_21)
FNDA:0,(anonymous_22)
FNDA:0,(anonymous_23)
FNDA:0,(anonymous_24)
FNDA:0,(anonymous_25)
FNDA:0,(anonymous_26)
FNDA:0,(anonymous_27)
FNDA:0,DealDetailModal
FNDA:0,(anonymous_29)
FNDA:0,(anonymous_30)
FNDA:0,(anonymous_31)
FNDA:0,(anonymous_32)
FNDA:0,(anonymous_33)
FNDA:0,(anonymous_34)
FNDA:0,(anonymous_35)
FNDA:0,EmptyPipelineState
FNDA:0,PipelineErrorState
FNDA:0,PipelineLoadingState
FNDA:0,(anonymous_39)
FNDA:0,PipelineHeader
FNDA:0,(anonymous_41)
FNDA:0,PipelinePage
FNDA:0,(anonymous_43)
FNDA:0,(anonymous_44)
FNDA:0,(anonymous_45)
FNDA:0,(anonymous_46)
FNDA:0,(anonymous_47)
FNDA:0,(anonymous_48)
FNDA:0,(anonymous_49)
FNDA:0,(anonymous_50)
FNDA:0,(anonymous_51)
FNDA:0,(anonymous_52)
FNDA:0,(anonymous_53)
FNDA:0,(anonymous_54)
FNDA:0,(anonymous_55)
FNDA:0,(anonymous_56)
FNDA:0,(anonymous_57)
FNDA:0,(anonymous_58)
FNDA:0,(anonymous_59)
FNDA:0,(anonymous_60)
FNDA:0,(anonymous_61)
FNDA:0,(anonymous_62)
FNDA:0,(anonymous_63)
DA:44,0
DA:53,0
DA:54,0
DA:55,0
DA:57,0
DA:62,0
DA:64,0
DA:83,0
DA:84,0
DA:85,0
DA:87,0
DA:89,0
DA:103,0
DA:108,0
DA:114,0
DA:124,0
DA:135,0
DA:138,0
DA:205,0
DA:226,0
DA:231,0
DA:232,0
DA:234,0
DA:281,0
DA:283,0
DA:303,0
DA:306,0
DA:309,0
DA:338,0
DA:339,0
DA:340,0
DA:341,0
DA:342,0
DA:343,0
DA:344,0
DA:345,0
DA:347,0
DA:348,0
DA:351,0
DA:352,0
DA:353,0
DA:354,0
DA:355,0
DA:357,0
DA:362,0
DA:363,0
DA:364,0
DA:368,0
DA:369,0
DA:370,0
DA:371,0
DA:372,0
DA:373,0
DA:374,0
DA:375,0
DA:378,0
DA:379,0
DA:380,0
DA:381,0
DA:382,0
DA:390,0
DA:391,0
DA:393,0
DA:394,0
DA:398,0
DA:403,0
DA:414,0
DA:423,0
DA:445,0
DA:460,0
DA:471,0
DA:483,0
DA:510,0
DA:511,0
DA:512,0
DA:513,0
DA:514,0
DA:516,0
DA:518,0
DA:525,0
DA:526,0
DA:527,0
DA:528,0
DA:530,0
DA:531,0
DA:532,0
DA:537,0
DA:538,0
DA:539,0
DA:541,0
DA:542,0
DA:544,0
DA:548,0
DA:647,0
DA:655,0
DA:659,0
DA:674,0
DA:683,0
DA:691,0
DA:707,0
DA:727,0
DA:752,0
DA:755,0
DA:785,0
DA:787,0
DA:789,0
DA:816,0
DA:817,0
DA:820,0
DA:821,0
DA:823,0
DA:824,0
DA:827,0
DA:828,0
DA:829,0
DA:834,0
DA:835,0
DA:836,0
DA:841,0
DA:844,0
DA:845,0
DA:846,0
DA:847,0
DA:848,0
DA:849,0
DA:852,0
DA:856,0
DA:864,0
DA:867,0
DA:868,0
DA:870,0
DA:871,0
DA:872,0
DA:873,0
DA:877,0
DA:878,0
DA:879,0
DA:881,0
DA:883,0
DA:884,0
DA:885,0
DA:888,0
DA:891,0
DA:892,0
DA:893,0
DA:894,0
DA:895,0
DA:896,0
DA:897,0
DA:902,0
DA:903,0
DA:904,0
DA:905,0
DA:909,0
DA:911,0
DA:912,0
DA:913,0
DA:914,0
DA:916,0
DA:917,0
DA:921,0
DA:922,0
DA:923,0
DA:926,0
DA:927,0
DA:930,0
DA:931,0
DA:932,0
DA:935,0
DA:936,0
DA:938,0
DA:941,0
DA:965,0
DA:966,0
DA:977,0
DA:993,0
DA:997,0
DA:1019,0
DA:1028,0
DA:1036,0
LF:180
LH:0
BRDA:43,0,0,0
BRDA:53,1,0,0
BRDA:53,1,1,0
BRDA:61,2,0,0
BRDA:62,3,0,0
BRDA:62,3,1,0
BRDA:83,4,0,0
BRDA:83,4,1,0
BRDA:85,5,0,0
BRDA:85,5,1,0
BRDA:87,6,0,0
BRDA:87,6,1,0
BRDA:89,7,0,0
BRDA:89,7,1,0
BRDA:109,8,0,0
BRDA:109,8,1,0
BRDA:110,9,0,0
BRDA:110,9,1,0
BRDA:111,10,0,0
BRDA:111,10,1,0
BRDA:114,11,0,0
BRDA:114,11,1,0
BRDA:115,12,0,0
BRDA:115,12,1,0
BRDA:117,13,0,0
BRDA:117,13,1,0
BRDA:119,14,0,0
BRDA:119,14,1,0
BRDA:132,15,0,0
BRDA:132,15,1,0
BRDA:133,16,0,0
BRDA:133,16,1,0
BRDA:135,17,0,0
BRDA:135,17,1,0
BRDA:138,18,0,0
BRDA:138,18,1,0
BRDA:162,19,0,0
BRDA:162,19,1,0
BRDA:182,20,0,0
BRDA:182,20,1,0
BRDA:190,21,0,0
BRDA:190,21,1,0
BRDA:239,22,0,0
BRDA:239,22,1,0
BRDA:268,23,0,0
BRDA:268,23,1,0
BRDA:274,24,0,0
BRDA:274,24,1,0
BRDA:313,25,0,0
BRDA:313,25,1,0
BRDA:342,26,0,0
BRDA:342,26,1,0
BRDA:342,26,2,0
BRDA:348,27,0,0
BRDA:348,27,1,0
BRDA:354,28,0,0
BRDA:354,28,1,0
BRDA:354,29,0,0
BRDA:354,29,1,0
BRDA:363,30,0,0
BRDA:363,30,1,0
BRDA:363,31,0,0
BRDA:363,31,1,0
BRDA:370,32,0,0
BRDA:370,32,1,0
BRDA:371,33,0,0
BRDA:371,33,1,0
BRDA:371,34,0,0
BRDA:371,34,1,0
BRDA:371,34,2,0
BRDA:372,35,0,0
BRDA:372,35,1,0
BRDA:373,36,0,0
BRDA:373,36,1,0
BRDA:380,37,0,0
BRDA:380,37,1,0
BRDA:385,38,0,0
BRDA:385,38,1,0
BRDA:388,39,0,0
BRDA:388,39,1,0
BRDA:393,40,0,0
BRDA:393,40,1,0
BRDA:439,41,0,0
BRDA:439,41,1,0
BRDA:448,42,0,0
BRDA:448,42,1,0
BRDA:465,43,0,0
BRDA:465,43,1,0
BRDA:474,44,0,0
BRDA:474,44,1,0
BRDA:516,45,0,0
BRDA:516,45,1,0
BRDA:526,46,0,0
BRDA:526,46,1,0
BRDA:526,47,0,0
BRDA:526,47,1,0
BRDA:535,48,0,0
BRDA:535,48,1,0
BRDA:535,49,0,0
BRDA:535,49,1,0
BRDA:541,50,0,0
BRDA:541,50,1,0
BRDA:559,51,0,0
BRDA:559,51,1,0
BRDA:600,52,0,0
BRDA:600,52,1,0
BRDA:616,53,0,0
BRDA:616,53,1,0
BRDA:624,54,0,0
BRDA:624,54,1,0
BRDA:630,55,0,0
BRDA:630,55,1,0
BRDA:642,56,0,0
BRDA:642,56,1,0
BRDA:667,57,0,0
BRDA:667,57,1,0
BRDA:667,57,2,0
BRDA:738,58,0,0
BRDA:738,58,1,0
BRDA:785,59,0,0
BRDA:785,59,1,0
BRDA:797,60,0,0
BRDA:797,60,1,0
BRDA:820,61,0,0
BRDA:820,61,1,0
BRDA:827,62,0,0
BRDA:827,62,1,0
BRDA:829,63,0,0
BRDA:829,63,1,0
BRDA:835,64,0,0
BRDA:835,64,1,0
BRDA:835,65,0,0
BRDA:835,65,1,0
BRDA:841,66,0,0
BRDA:841,66,1,0
BRDA:846,67,0,0
BRDA:846,67,1,0
BRDA:848,68,0,0
BRDA:848,68,1,0
BRDA:872,69,0,0
BRDA:872,69,1,0
BRDA:881,70,0,0
BRDA:881,70,1,0
BRDA:885,71,0,0
BRDA:885,71,1,0
BRDA:891,72,0,0
BRDA:891,72,1,0
BRDA:893,73,0,0
BRDA:893,73,1,0
BRDA:896,74,0,0
BRDA:896,74,1,0
BRDA:902,75,0,0
BRDA:902,75,1,0
BRDA:903,76,0,0
BRDA:903,76,1,0
BRDA:904,77,0,0
BRDA:904,77,1,0
BRDA:909,78,0,0
BRDA:909,78,1,0
BRDA:909,79,0,0
BRDA:909,79,1,0
BRDA:916,80,0,0
BRDA:916,80,1,0
BRDA:930,81,0,0
BRDA:930,81,1,0
BRDA:931,82,0,0
BRDA:931,82,1,0
BRDA:936,83,0,0
BRDA:936,83,1,0
BRDA:944,84,0,0
BRDA:944,84,1,0
BRDA:947,85,0,0
BRDA:947,85,1,0
BRDA:953,86,0,0
BRDA:953,86,1,0
BRDA:953,86,2,0
BRDA:961,87,0,0
BRDA:961,87,1,0
BRDA:961,87,2,0
BRDA:972,88,0,0
BRDA:972,88,1,0
BRDA:972,88,2,0
BRDA:972,88,3,0
BRDA:981,89,0,0
BRDA:981,89,1,0
BRDA:996,90,0,0
BRDA:996,90,1,0
BRDA:1005,91,0,0
BRDA:1005,91,1,0
BRF:189
BRH:0
end_of_record
TN:
SF:src/pages/settings/settings-page.tsx
FN:35,TabSkeleton
FN:38,(anonymous_1)
FN:45,EmptyState
FN:55,ErrorState
FN:68,ProfileTab
FN:79,(anonymous_5)
FN:122,(anonymous_6)
FN:127,(anonymous_7)
FN:138,(anonymous_8)
FN:145,(anonymous_9)
FN:162,TeamTab
FN:172,(anonymous_11)
FN:203,(anonymous_12)
FN:212,(anonymous_13)
FN:237,(anonymous_14)
FN:242,(anonymous_15)
FN:260,(anonymous_16)
FN:274,(anonymous_17)
FN:299,IntegrationCard
FN:325,IntegrationsTab
FN:350,(anonymous_20)
FN:369,(anonymous_21)
FN:376,(anonymous_22)
FN:387,SettingsPage
FN:404,(anonymous_24)
FN:408,(anonymous_25)
FNF:26
FNH:0
FNDA:0,TabSkeleton
FNDA:0,(anonymous_1)
FNDA:0,EmptyState
FNDA:0,ErrorState
FNDA:0,ProfileTab
FNDA:0,(anonymous_5)
FNDA:0,(anonymous_6)
FNDA:0,(anonymous_7)
FNDA:0,(anonymous_8)
FNDA:0,(anonymous_9)
FNDA:0,TeamTab
FNDA:0,(anonymous_11)
FNDA:0,(anonymous_12)
FNDA:0,(anonymous_13)
FNDA:0,(anonymous_14)
FNDA:0,(anonymous_15)
FNDA:0,(anonymous_16)
FNDA:0,(anonymous_17)
FNDA:0,IntegrationCard
FNDA:0,IntegrationsTab
FNDA:0,(anonymous_20)
FNDA:0,(anonymous_21)
FNDA:0,(anonymous_22)
FNDA:0,SettingsPage
FNDA:0,(anonymous_24)
FNDA:0,(anonymous_25)
DA:29,0
DA:36,0
DA:39,0
DA:46,0
DA:56,0
DA:69,0
DA:70,0
DA:72,0
DA:73,0
DA:74,0
DA:75,0
DA:77,0
DA:79,0
DA:80,0
DA:81,0
DA:82,0
DA:88,0
DA:89,0
DA:91,0
DA:93,0
DA:97,0
DA:122,0
DA:127,0
DA:138,0
DA:145,0
DA:163,0
DA:164,0
DA:166,0
DA:167,0
DA:168,0
DA:170,0
DA:172,0
DA:173,0
DA:174,0
DA:175,0
DA:179,0
DA:180,0
DA:181,0
DA:182,0
DA:184,0
DA:188,0
DA:189,0
DA:191,0
DA:203,0
DA:213,0
DA:237,0
DA:242,0
DA:260,0
DA:274,0
DA:300,0
DA:326,0
DA:350,0
DA:351,0
DA:354,0
DA:370,0
DA:376,0
DA:388,0
DA:390,0
DA:405,0
DA:408,0
LF:60
LH:0
BRDA:72,0,0,0
BRDA:72,0,1,0
BRDA:73,1,0,0
BRDA:73,1,1,0
BRDA:74,2,0,0
BRDA:74,2,1,0
BRDA:75,3,0,0
BRDA:75,3,1,0
BRDA:77,4,0,0
BRDA:77,4,1,0
BRDA:91,5,0,0
BRDA:91,5,1,0
BRDA:102,6,0,0
BRDA:102,6,1,0
BRDA:170,7,0,0
BRDA:170,7,1,0
BRDA:173,8,0,0
BRDA:173,8,1,0
BRDA:177,9,0,0
BRDA:177,9,1,0
BRDA:184,10,0,0
BRDA:184,10,1,0
BRDA:188,11,0,0
BRDA:188,11,1,0
BRDA:189,12,0,0
BRDA:189,12,1,0
BRDA:189,13,0,0
BRDA:189,13,1,0
BRDA:200,14,0,0
BRDA:200,14,1,0
BRDA:208,15,0,0
BRDA:208,15,1,0
BRDA:215,16,0,0
BRDA:215,16,1,0
BRDA:227,17,0,0
BRDA:227,17,1,0
BRDA:310,18,0,0
BRDA:310,18,1,0
BRDA:365,19,0,0
BRDA:365,19,1,0
BRDA:412,20,0,0
BRDA:412,20,1,0
BRDA:416,21,0,0
BRDA:416,21,1,0
BRDA:426,22,0,0
BRDA:426,22,1,0
BRDA:427,23,0,0
BRDA:427,23,1,0
BRDA:428,24,0,0
BRDA:428,24,1,0
BRF:50
BRH:0
end_of_record
TN:
SF:src/router/index.tsx
FNF:0
FNH:0
DA:14,0
LF:1
LH:0
BRF:0
BRH:0
end_of_record
TN:
SF:src/store/auth.ts
FN:25,(anonymous_0)
FN:31,(anonymous_1)
FN:39,(anonymous_2)
FN:47,(anonymous_3)
FN:54,(anonymous_4)
FN:63,(anonymous_5)
FN:65,(anonymous_6)
FNF:7
FNH:0
FNDA:0,(anonymous_0)
FNDA:0,(anonymous_1)
FNDA:0,(anonymous_2)
FNDA:0,(anonymous_3)
FNDA:0,(anonymous_4)
FNDA:0,(anonymous_5)
FNDA:0,(anonymous_6)
DA:25,0
DA:32,0
DA:33,0
DA:34,0
DA:35,0
DA:36,0
DA:40,0
DA:41,0
DA:42,0
DA:43,0
DA:44,0
DA:48,0
DA:49,0
DA:50,0
DA:51,0
DA:55,0
DA:56,0
DA:57,0
DA:59,0
DA:63,0
DA:66,0
DA:67,0
DA:68,0
DA:69,0
DA:71,0
LF:25
LH:0
BRDA:67,0,0,0
BRDA:67,0,1,0
BRF:2
BRH:0
end_of_record
TN:
SF:src/store/theme.ts
FN:11,(anonymous_0)
FN:13,(anonymous_1)
FN:14,(anonymous_2)
FN:20,(anonymous_3)
FNF:4
FNH:0
FNDA:0,(anonymous_0)
FNDA:0,(anonymous_1)
FNDA:0,(anonymous_2)
FNDA:0,(anonymous_3)
DA:11,0
DA:14,0
DA:15,0
DA:16,0
DA:17,0
DA:18,0
DA:21,0
DA:22,0
DA:23,0
LF:9
LH:0
BRDA:12,0,0,0
BRDA:12,0,1,0
BRDA:15,1,0,0
BRDA:15,1,1,0
BRF:4
BRH:0
end_of_record
TN:
SF:src/types/index.ts
FNF:0
FNH:0
LF:0
LH:0
BRF:0
BRH:0
end_of_record
